info it worked if it ends with ok
verbose cli [ 'node', '/usr/local/bin/npm', 'install', 'require-jade' ]
info using npm@1.0.106
info using node@v0.6.2
verbose /usr/local/bin/node node symlink
verbose config file /Users/juliangautier/.npmrc
verbose config file /usr/local/etc/npmrc
verbose config file /usr/local/lib/node_modules/npm/npmrc
silly testEngine { name: 'browserify',
silly testEngine   version: '1.8.1',
silly testEngine   description: 'Browser-side require() for js directories and npm modules',
silly testEngine   main: 'index.js',
silly testEngine   bin: { browserify: 'bin/cli.js' },
silly testEngine   directories: { example: 'example', test: 'test' },
silly testEngine   repository: 
silly testEngine    { type: 'git',
silly testEngine      url: 'git://github.com/substack/node-browserify.git' },
silly testEngine   keywords: 
silly testEngine    [ 'browser',
silly testEngine      'require',
silly testEngine      'middleware',
silly testEngine      'bundle',
silly testEngine      'npm',
silly testEngine      'coffee',
silly testEngine      'javascript' ],
silly testEngine   dependencies: 
silly testEngine    { detective: '0.0.x',
silly testEngine      deputy: '0.0.x',
silly testEngine      resolve: '>=0.0.4 <0.1',
silly testEngine      nub: '0.0.x',
silly testEngine      commondir: '0.0.x',
silly testEngine      'coffee-script': '>=1.1.1 <1.2',
silly testEngine      optimist: '>=0.2.6 <0.3' },
silly testEngine   devDependencies: 
silly testEngine    { tap: '0.0.x',
silly testEngine      connect: '>=1.4.1 <1.5',
silly testEngine      hashish: '>=0.0.2 <0.1',
silly testEngine      traverse: '>=0.3.8 <0.4',
silly testEngine      backbone: '>=0.3.3',
silly testEngine      dnode: '>=0.7.1 <0.8',
silly testEngine      jade: '0.10.4',
silly testEngine      seq: '0.3.3',
silly testEngine      'jquery-browserify': '*',
silly testEngine      jsdom: '0.2.x' },
silly testEngine   author: 
silly testEngine    { name: 'James Halliday',
silly testEngine      email: 'mail@substack.net',
silly testEngine      url: 'http://substack.net' },
silly testEngine   scripts: { test: 'node node_modules/tap/bin/tap.js test/*.js' },
silly testEngine   license: 'MIT/X11',
silly testEngine   engine: { node: '>=0.4.0' },
silly testEngine   _npmUser: { name: 'jgautier', email: 'julian.gautier@alumni.neumont.edu' },
silly testEngine   _id: 'browserify@1.8.1',
silly testEngine   engines: { node: '*' },
silly testEngine   _engineSupported: true,
silly testEngine   _npmVersion: '1.0.106',
silly testEngine   _nodeVersion: 'v0.6.2',
silly testEngine   _defaultsLoaded: true }
verbose caching /Users/juliangautier/WebstormProjects/require-jade/example/node_modules/browserify/package.json
verbose loadDefaults browserify@1.8.1
silly testEngine { name: 'express',
silly testEngine   description: 'Sinatra inspired web development framework',
silly testEngine   version: '2.5.2',
silly testEngine   author: { name: 'TJ Holowaychuk', email: 'tj@vision-media.ca' },
silly testEngine   contributors: 
silly testEngine    [ { name: 'TJ Holowaychuk', email: 'tj@vision-media.ca' },
silly testEngine      { name: 'Aaron Heckmann',
silly testEngine        email: 'aaron.heckmann+github@gmail.com' },
silly testEngine      { name: 'Ciaran Jessup', email: 'ciaranj@gmail.com' },
silly testEngine      { name: 'Guillermo Rauch', email: 'rauchg@gmail.com' } ],
silly testEngine   dependencies: 
silly testEngine    { connect: '1.8.x',
silly testEngine      mime: '>= 0.0.1',
silly testEngine      qs: '>= 0.3.1',
silly testEngine      mkdirp: '0.0.7' },
silly testEngine   devDependencies: 
silly testEngine    { 'connect-form': '0.2.1',
silly testEngine      ejs: '0.4.2',
silly testEngine      expresso: '0.9.2',
silly testEngine      hamljs: '0.5.1',
silly testEngine      jade: '0.16.2',
silly testEngine      stylus: '0.13.0',
silly testEngine      should: '0.3.2',
silly testEngine      'express-messages': '0.0.2',
silly testEngine      'node-markdown': '>= 0.0.1',
silly testEngine      'connect-redis': '>= 0.0.1' },
silly testEngine   keywords: [ 'framework', 'sinatra', 'web', 'rest', 'restful' ],
silly testEngine   repository: { type: 'git', url: 'git://github.com/visionmedia/express.git' },
silly testEngine   main: 'index',
silly testEngine   bin: { express: './bin/express' },
silly testEngine   scripts: { test: 'make test', prepublish: 'npm prune' },
silly testEngine   engines: { node: '>= 0.4.1 < 0.7.0' },
silly testEngine   _npmUser: { name: 'jgautier', email: 'julian.gautier@alumni.neumont.edu' },
silly testEngine   _id: 'express@2.5.2',
silly testEngine   _engineSupported: true,
silly testEngine   _npmVersion: '1.0.106',
silly testEngine   _nodeVersion: 'v0.6.2',
silly testEngine   _defaultsLoaded: true }
verbose caching /Users/juliangautier/WebstormProjects/require-jade/example/node_modules/express/package.json
verbose loadDefaults express@2.5.2
silly testEngine { name: 'jade',
silly testEngine   description: 'Jade template engine',
silly testEngine   version: '0.19.0',
silly testEngine   author: { name: 'TJ Holowaychuk', email: 'tj@vision-media.ca' },
silly testEngine   repository: { type: 'git', url: 'git://github.com/visionmedia/jade.git' },
silly testEngine   main: './index.js',
silly testEngine   bin: { jade: './bin/jade' },
silly testEngine   dependencies: { commander: '0.2.x', mkdirp: '>= 0.0.7' },
silly testEngine   devDependencies: 
silly testEngine    { mocha: '*',
silly testEngine      'coffee-script': '>= 0.0.1',
silly testEngine      markdown: '>= 0.0.1',
silly testEngine      stylus: '>= 0.0.1',
silly testEngine      uubench: '0.0.1',
silly testEngine      'uglify-js': '>= 1.0.7' },
silly testEngine   scripts: { prepublish: 'npm prune' },
silly testEngine   engines: { node: '>= 0.1.98' },
silly testEngine   _npmUser: { name: 'jgautier', email: 'julian.gautier@alumni.neumont.edu' },
silly testEngine   _id: 'jade@0.19.0',
silly testEngine   _engineSupported: true,
silly testEngine   _npmVersion: '1.0.106',
silly testEngine   _nodeVersion: 'v0.6.2',
silly testEngine   _defaultsLoaded: true }
verbose caching /Users/juliangautier/WebstormProjects/require-jade/example/node_modules/jade/package.json
verbose loadDefaults jade@0.19.0
verbose into /Users/juliangautier/WebstormProjects/require-jade/example [ 'require-jade' ]
verbose cache add require-jade
verbose cache add [ 'require-jade', null ]
silly cache add: name, spec, args [ undefined, 'require-jade', [ 'require-jade', null ] ]
verbose parsed url { pathname: 'require-jade',
verbose parsed url   path: 'require-jade',
verbose parsed url   href: 'require-jade' }
info addNamed [ 'require-jade', '' ]
verbose addNamed [ null, '' ]
verbose GET require-jade
verbose raw, before any munging require-jade
verbose url resolving [ 'https://registry.npmjs.org/', './require-jade' ]
verbose url resolved https://registry.npmjs.org/require-jade
silly get cb [ 404,
silly get cb   { server: 'CouchDB/1.1.0 (Erlang OTP/R14B04)',
silly get cb     date: 'Thu, 22 Dec 2011 06:52:40 GMT',
silly get cb     'content-type': 'application/json',
silly get cb     'content-length': '52',
silly get cb     'cache-control': 'must-revalidate' } ]
ERR! 404 'require-jade' is not in the npm registry.
ERR! 404 You could maybe bug the author to publish it
ERR! 404 Note that you can also install from a tarball or folder.
ERR! 
ERR! System Darwin 11.2.0
ERR! command "node" "/usr/local/bin/npm" "install" "require-jade"
ERR! cwd /Users/juliangautier/WebstormProjects/require-jade/example
ERR! node -v v0.6.2
ERR! npm -v 1.0.106
ERR! code E404
verbose exit [ 1, true ]
